Syslog : Jan 23 07:01:59 Ubuntu2T systemd[1]: sssd-ssh.socket: Bound to unit sssd.service, but unit isn't active.
Syslog : Jan 23 07:01:59 Ubuntu2T systemd[1]: Dependency failed for SSSD SSH Service responder socket.
Syslog : Jan 23 07:01:59 Ubuntu2T systemd[1]: sssd-ssh.socket: Job sssd-ssh.socket/start failed with result 'dependency'.
Syslog : Jan 23 07:02:12 Ubuntu2T systemd[1263]: Listening on GnuPG cryptographic agent (ssh-agent emulation).
Syslog : Jan 23 07:02:14 Ubuntu2T /usr/libexec/gdm-x-session[1444]: /etc/X11/Xsession.d/90x11-common_ssh-agent: line 9: has_option: command not found
Syslog : Jan 23 07:02:14 Ubuntu2T systemd[1263]: Starting Start gnome-keyring as SSH agent...
Syslog : Jan 23 07:02:14 Ubuntu2T sh[1487]: dbus-update-activation-environment: setting SSH_AUTH_SOCK=/run/user/1000/keyring/ssh
Syslog : Jan 23 07:02:14 Ubuntu2T sh[1487]: dbus-update-activation-environment: setting SSH_AGENT_LAUNCHER=gnome-keyring
Syslog : Jan 23 07:02:14 Ubuntu2T systemd[1263]: Finished Start gnome-keyring as SSH agent.
Syslog : Jan 23 07:02:14 Ubuntu2T systemd[1263]: Started OpenSSH Agent.
Syslog : Jan 23 07:02:14 Ubuntu2T gnome-keyring-pkcs11.desktop[1500]: SSH_AUTH_SOCK=/run/user/1000/keyring/ssh
Syslog : Jan 23 07:02:14 Ubuntu2T gnome-keyring-secrets.desktop[1501]: SSH_AUTH_SOCK=/run/user/1000/keyring/ssh
Syslog : Jan 23 07:02:14 Ubuntu2T gnome-keyring-ssh.desktop[1502]: SSH_AUTH_SOCK=/run/user/1000/keyring/ssh
Syslog : Jan 23 07:02:14 Ubuntu2T systemd[1263]: app-gnome-gnomex2dkeyringx2dssh-1499.scope: Couldn't move process 1499 to requested cgroup '/user.slice/user-1000.slice/user@1000.service/app.slice/app-gnome-gnomex2dkeyringx2dssh-1499.scope': No such process
Syslog : Jan 23 07:02:14 Ubuntu2T systemd[1263]: app-gnome-gnomex2dkeyringx2dssh-1499.scope: Failed to add PIDs to scope's control group: No such process
Syslog : Jan 23 07:02:14 Ubuntu2T systemd[1263]: app-gnome-gnomex2dkeyringx2dssh-1499.scope: Failed with result 'resources'.
Syslog : Jan 23 08:50:09 Ubuntu2T systemd[1]: sssd-ssh.socket: Bound to unit sssd.service, but unit isn't active.
Syslog : Jan 23 08:50:09 Ubuntu2T systemd[1]: Dependency failed for SSSD SSH Service responder socket.
Syslog : Jan 23 08:50:09 Ubuntu2T systemd[1]: sssd-ssh.socket: Job sssd-ssh.socket/start failed with result 'dependency'.
Syslog : Jan 23 08:50:21 Ubuntu2T systemd[1247]: Listening on GnuPG cryptographic agent (ssh-agent emulation).
Syslog : Jan 23 08:50:23 Ubuntu2T /usr/libexec/gdm-x-session[1432]: /etc/X11/Xsession.d/90x11-common_ssh-agent: line 9: has_option: command not found
Syslog : Jan 23 08:50:23 Ubuntu2T systemd[1247]: Starting Start gnome-keyring as SSH agent...
Syslog : Jan 23 08:50:23 Ubuntu2T sh[1475]: dbus-update-activation-environment: setting SSH_AUTH_SOCK=/run/user/1000/keyring/ssh
Syslog : Jan 23 08:50:23 Ubuntu2T sh[1475]: dbus-update-activation-environment: setting SSH_AGENT_LAUNCHER=gnome-keyring
Syslog : Jan 23 08:50:23 Ubuntu2T systemd[1247]: Finished Start gnome-keyring as SSH agent.
Syslog : Jan 23 08:50:23 Ubuntu2T systemd[1247]: Started OpenSSH Agent.
Syslog : Jan 23 08:50:23 Ubuntu2T gnome-keyring-pkcs11.desktop[1488]: SSH_AUTH_SOCK=/run/user/1000/keyring/ssh
Syslog : Jan 23 08:50:23 Ubuntu2T gnome-keyring-secrets.desktop[1489]: SSH_AUTH_SOCK=/run/user/1000/keyring/ssh
Syslog : Jan 23 08:50:23 Ubuntu2T gnome-keyring-ssh.desktop[1490]: SSH_AUTH_SOCK=/run/user/1000/keyring/ssh
Syslog : Jan 23 08:50:23 Ubuntu2T systemd[1247]: app-gnome-gnomex2dkeyringx2dssh-1487.scope: Couldn't move process 1487 to requested cgroup '/user.slice/user-1000.slice/user@1000.service/app.slice/app-gnome-gnomex2dkeyringx2dssh-1487.scope': No such process
Syslog : Jan 23 08:50:23 Ubuntu2T systemd[1247]: app-gnome-gnomex2dkeyringx2dssh-1487.scope: Failed to add PIDs to scope's control group: No such process
Syslog : Jan 23 08:50:23 Ubuntu2T systemd[1247]: app-gnome-gnomex2dkeyringx2dssh-1487.scope: Failed with result 'resources'.
Syslog : Jan 23 15:06:09 Ubuntu2T systemd[1]: sssd-ssh.socket: Bound to unit sssd.service, but unit isn't active.
Syslog : Jan 23 15:06:09 Ubuntu2T systemd[1]: Dependency failed for SSSD SSH Service responder socket.
Syslog : Jan 23 15:06:09 Ubuntu2T systemd[1]: sssd-ssh.socket: Job sssd-ssh.socket/start failed with result 'dependency'.
Syslog : Jan 23 15:06:21 Ubuntu2T systemd[1144]: Listening on GnuPG cryptographic agent (ssh-agent emulation).
Syslog : Jan 23 15:06:23 Ubuntu2T /usr/libexec/gdm-x-session[1430]: /etc/X11/Xsession.d/90x11-common_ssh-agent: line 9: has_option: command not found
Syslog : Jan 23 15:06:24 Ubuntu2T systemd[1144]: Starting Start gnome-keyring as SSH agent...
Syslog : Jan 23 15:06:24 Ubuntu2T sh[1473]: dbus-update-activation-environment: setting SSH_AUTH_SOCK=/run/user/1000/keyring/ssh
Syslog : Jan 23 15:06:24 Ubuntu2T sh[1473]: dbus-update-activation-environment: setting SSH_AGENT_LAUNCHER=gnome-keyring
Syslog : Jan 23 15:06:24 Ubuntu2T gnome-keyring-daemon[1470]: SSH_AUTH_SOCK=/run/user/1000/keyring/ssh
Syslog : Jan 23 15:06:24 Ubuntu2T systemd[1144]: Finished Start gnome-keyring as SSH agent.
Syslog : Jan 23 15:06:24 Ubuntu2T systemd[1144]: Started OpenSSH Agent.
Syslog : Jan 23 15:06:24 Ubuntu2T gnome-keyring-pkcs11.desktop[1486]: SSH_AUTH_SOCK=/run/user/1000/keyring/ssh
Syslog : Jan 23 15:06:24 Ubuntu2T gnome-keyring-ssh.desktop[1488]: SSH_AUTH_SOCK=/run/user/1000/keyring/ssh
Syslog : Jan 23 15:06:24 Ubuntu2T gnome-keyring-secrets.desktop[1487]: SSH_AUTH_SOCK=/run/user/1000/keyring/ssh
Syslog : Jan 23 15:06:24 Ubuntu2T systemd[1144]: app-gnome-gnomex2dkeyringx2dssh-1485.scope: Couldn't move process 1485 to requested cgroup '/user.slice/user-1000.slice/user@1000.service/app.slice/app-gnome-gnomex2dkeyringx2dssh-1485.scope': No such process
Syslog : Jan 23 15:06:24 Ubuntu2T systemd[1144]: app-gnome-gnomex2dkeyringx2dssh-1485.scope: Failed to add PIDs to scope's control group: No such process
Syslog : Jan 23 15:06:24 Ubuntu2T systemd[1144]: app-gnome-gnomex2dkeyringx2dssh-1485.scope: Failed with result 'resources'.
Syslog : Jan 23 21:37:34 Ubuntu2T systemd[1]: sssd-ssh.socket: Bound to unit sssd.service, but unit isn't active.
Syslog : Jan 23 21:37:34 Ubuntu2T systemd[1]: Dependency failed for SSSD SSH Service responder socket.
Syslog : Jan 23 21:37:34 Ubuntu2T systemd[1]: sssd-ssh.socket: Job sssd-ssh.socket/start failed with result 'dependency'.
Syslog : Jan 23 21:37:46 Ubuntu2T systemd[1247]: Listening on GnuPG cryptographic agent (ssh-agent emulation).
Syslog : Jan 23 21:37:48 Ubuntu2T /usr/libexec/gdm-x-session[1432]: /etc/X11/Xsession.d/90x11-common_ssh-agent: line 9: has_option: command not found
Syslog : Jan 23 21:37:48 Ubuntu2T systemd[1247]: Starting Start gnome-keyring as SSH agent...
Syslog : Jan 23 21:37:48 Ubuntu2T sh[1475]: dbus-update-activation-environment: setting SSH_AUTH_SOCK=/run/user/1000/keyring/ssh
Syslog : Jan 23 21:37:48 Ubuntu2T sh[1475]: dbus-update-activation-environment: setting SSH_AGENT_LAUNCHER=gnome-keyring
Syslog : Jan 23 21:37:48 Ubuntu2T systemd[1247]: Finished Start gnome-keyring as SSH agent.
Syslog : Jan 23 21:37:48 Ubuntu2T systemd[1247]: Started OpenSSH Agent.
Syslog : Jan 23 21:37:49 Ubuntu2T gnome-keyring-pkcs11.desktop[1488]: SSH_AUTH_SOCK=/run/user/1000/keyring/ssh
Syslog : Jan 23 21:37:49 Ubuntu2T gnome-keyring-secrets.desktop[1489]: SSH_AUTH_SOCK=/run/user/1000/keyring/ssh
Syslog : Jan 23 21:37:49 Ubuntu2T gnome-keyring-ssh.desktop[1490]: SSH_AUTH_SOCK=/run/user/1000/keyring/ssh
Syslog : Jan 23 21:37:49 Ubuntu2T systemd[1247]: app-gnome-gnomex2dkeyringx2dssh-1487.scope: Couldn't move process 1487 to requested cgroup '/user.slice/user-1000.slice/user@1000.service/app.slice/app-gnome-gnomex2dkeyringx2dssh-1487.scope': No such process
Syslog : Jan 23 21:37:49 Ubuntu2T systemd[1247]: app-gnome-gnomex2dkeyringx2dssh-1487.scope: Failed to add PIDs to scope's control group: No such process
Syslog : Jan 23 21:37:49 Ubuntu2T systemd[1247]: app-gnome-gnomex2dkeyringx2dssh-1487.scope: Failed with result 'resources'.
