<14>Jan 14 17:42:20 ./Rotate.sh[3080975]: Starting..
<14>Jan 14 17:42:20 ./Rotate.sh[3080976]: Starting The Collection
<14>Jan 14 17:42:20 ./Rotate.sh[3080986]: Starting The Collection
<14>Jan 14 17:42:20 ./Rotate.sh[3080993]: Starting The Collection
<14>Jan 14 22:09:40 /root/AutoAdmin/Analytics.sh[2417]: Starting..
<14>Jan 14 22:09:40 /root/AutoAdmin/Analytics.sh[2418]: Starting The Collection
<14>Jan 14 22:09:40 /root/AutoAdmin/Backup.sh[2430]: Starting..
<14>Jan 14 22:09:40 /root/AutoAdmin/Monitoring_resource.sh[2436]: Starting..
<14>Jan 14 22:09:40 /root/AutoAdmin/Rotate.sh[2447]: Starting..
<14>Jan 14 22:09:40 /root/AutoAdmin/Update_auto.sh[2454]: Starting..
<14>Jan 14 22:09:40 /root/AutoAdmin/Rotate.sh[2453]: Checking for dependencies
<14>Jan 14 22:09:40 /root/AutoAdmin/Rotate.sh[2462]: Checking for rotation
<14>Jan 14 22:09:40 /root/AutoAdmin/Uptime.sh[2461]: Starting..
<14>Jan 14 22:09:40 /root/AutoAdmin/Wakeup.sh[2469]: AutoAdmin in awake
<14>Jan 14 22:09:46 /root/AutoAdmin/Update_auto.sh[15596]: The system was fully updated at Sat 14 Jan 2023 22:09:46 IST
<14>Jan 14 22:14:10 /root/AutoAdmin/Analytics.sh[555237]: Collection ended
<14>Jan 14 22:18:15 ./Update_auto.sh[555498]: Starting..
<14>Jan 14 22:18:22 ./Update_auto.sh[556117]: The system was fully updated at 22:18
<14>Jan 14 22:19:38 ./Update_auto.sh[556190]: Starting..
<14>Jan 14 22:19:44 ./Update_auto.sh[556810]: The system was fully updated at (22:19)
<14>Jan 14 22:20:27 ./Update_auto.sh[556854]: Starting..
<14>Jan 14 22:20:37 ./Update_auto.sh[557477]: The system was fully updated at 22:20
<14>Jan 14 22:21:12 ./Update_auto.sh[557518]: Starting..
<14>Jan 14 22:21:18 ./Update_auto.sh[558135]: The system was fully updated at 22:21
<14>Jan 14 22:21:45 ./Update_auto.sh[558164]: Starting..
<14>Jan 14 22:21:51 ./Update_auto.sh[558781]: The system was fully updated at 22:21
<14>Jan 14 22:22:17 ./Update_auto.sh[558805]: Starting..
<14>Jan 14 22:22:24 ./Update_auto.sh[559422]: The system was fully updated at 22:22
<14>Jan 14 22:23:13 ./Update_auto.sh[559467]: Starting..
<14>Jan 14 22:23:19 ./Update_auto.sh[560084]: The system was fully updated at 22:23
<14>Jan 14 22:23:39 ./Update_auto.sh[560106]: Starting..
<14>Jan 14 22:23:44 ./Update_auto.sh[560723]: The system was fully updated at 22:23
<14>Jan 14 22:24:10 /root/AutoAdmin/Analytics.sh[560752]: Starting The Collection
<14>Jan 14 22:24:58 ./Update_auto.sh[657643]: Starting..
<14>Jan 14 22:25:04 ./Update_auto.sh[669786]: The system was fully updated at 22:24
<14>Jan 14 22:28:19 ./Update_auto.sh[1066121]: Starting..
<14>Jan 14 22:28:23 ./Update_auto.sh[1074588]: The system was fully updated at 22:28
<14>Jan 14 22:28:43 /root/AutoAdmin/Analytics.sh[1115670]: Collection ended
<14>Jan 14 22:28:57 /root/AutoAdmin/Backup.sh[1115690]: /home backup failed.
<14>Jan 14 22:28:57 /root/AutoAdmin/Backup.sh[1115691]: No transfer configuration available, /home not trasfered
<14>Jan 14 22:28:57 /root/AutoAdmin/Backup.sh[1115696]: /etc backup succeeded.
<14>Jan 14 22:28:57 /root/AutoAdmin/Backup.sh[1115697]: No transfer configuration available, /etc not trasfered
<14>Jan 14 22:29:00 /root/AutoAdmin/Backup.sh[1115704]: Tried to backup, up to date backup is available
<14>Jan 14 22:32:14 ./Update_auto.sh[1116119]: Starting..
<14>Jan 14 22:32:21 ./Update_auto.sh[1116740]: The system was fully updated at 22:32
<14>Jan 14 22:34:33 ./Update_auto.sh[1117011]: Starting..
<14>Jan 14 22:34:39 ./Update_auto.sh[1117628]: The system was fully updated at 22:34
<14>Jan 14 22:35:19 ./Update_auto.sh[1117672]: Starting..
<14>Jan 14 22:35:29 ./Update_auto.sh[1118361]: The system was fully updated at 22:35
<14>Jan 14 22:36:59 ./Wakeup.sh[1118450]: AutoAdmin in awake
<14>Jan 14 22:38:21 ./Update_auto.sh[1118529]: Starting..
<14>Jan 14 22:38:27 ./Update_auto.sh[1119147]: The system was fully updated at Sat 14 Jan 2023 22:38:27 IST
<14>Jan 14 22:38:43 /root/AutoAdmin/Analytics.sh[1119162]: Starting The Collection
